<?xml version="1.0" encoding="UTF-8"?>
<testsuites>
  <testsuite name="function login" timestamp="2021-05-07T20:33:31" time="9.054" tests="1" failures="0" errors="0" skipped="0">
    <properties>
      <property name="specId" value="0"/>
      <property name="suiteName" value="function login"/>
      <property name="capabilities" value="chrome.90_0_4430_93.windows"/>
      <property name="file" value=".\src\test_script\login_tc004.js"/>
    </properties>
    <testcase classname="chrome.90_0_4430_93.windows.function login" name="login with the password correctly and username empty" time="9.051">
      <system-out><![CDATA[
COMMAND: POST /session/a37d2b85f479f49e617922e207653002/url - {"url":"http://uat.evn-solar.com/"}
RESULT: {"url":"http://uat.evn-solar.com/"}
COMMAND: POST /session/a37d2b85f479f49e617922e207653002/element - {"using":"css selector","value":".MuiButton-label"}
RESULT: {"using":"css selector","value":".MuiButton-label"}
COMMAND: POST /session/a37d2b85f479f49e617922e207653002/element/2204771e-45be-46be-b4c2-dacf0a51c2eb/click - {}
RESULT: {}
COMMAND: POST /session/a37d2b85f479f49e617922e207653002/element - {"using":"css selector","value":"[name=\"username\"]"}
RESULT: {"using":"css selector","value":"[name=\"username\"]"}
COMMAND: POST /session/a37d2b85f479f49e617922e207653002/execute/sync - {"script":"return (function isElementDisplayed(element) {\n    function nodeIsElement(node) {\n        if (!node) {\n            return false;\n        }\n        switch (node.nodeType) {\n            case Node.ELEMEN ... (7762 more bytes)","args":[{"element-6066-11e4-a52e-4f735466cecf":"ff98e7d1-eac9-42c4-a4f3-abc6babb756f","ELEMENT":"ff98e7d1-eac9-42c4-a4f3-abc6babb756f"}]}
RESULT: {"script":"return (function isElementDisplayed(element) {\n    function nodeIsElement(node) {\n        if (!node) {\n            return false;\n        }\n        switch (node.nodeType) {\n            case Node.ELEMEN ... (7762 more bytes)","args":[{"element-6066-11e4-a52e-4f735466cecf":"ff98e7d1-eac9-42c4-a4f3-abc6babb756f","ELEMENT":"ff98e7d1-eac9-42c4-a4f3-abc6babb756f"}]}
COMMAND: POST /session/a37d2b85f479f49e617922e207653002/element - {"using":"css selector","value":"[name=\"username\"]"}
RESULT: {"using":"css selector","value":"[name=\"username\"]"}
COMMAND: POST /session/a37d2b85f479f49e617922e207653002/element/ff98e7d1-eac9-42c4-a4f3-abc6babb756f/clear - {}
RESULT: {}
COMMAND: POST /session/a37d2b85f479f49e617922e207653002/element/ff98e7d1-eac9-42c4-a4f3-abc6babb756f/value - {"text":""}
RESULT: {"text":""}
COMMAND: POST /session/a37d2b85f479f49e617922e207653002/element - {"using":"css selector","value":"[name=\"password\"]"}
RESULT: {"using":"css selector","value":"[name=\"password\"]"}
COMMAND: POST /session/a37d2b85f479f49e617922e207653002/element/56185921-c70c-4a16-8c09-aa9960d9e3cf/clear - {}
RESULT: {}
COMMAND: POST /session/a37d2b85f479f49e617922e207653002/element/56185921-c70c-4a16-8c09-aa9960d9e3cf/value - {"text":"Dinosys123"}
RESULT: {"text":"Dinosys123"}
COMMAND: POST /session/a37d2b85f479f49e617922e207653002/element - {"using":"css selector","value":".MuiButtonBase-root.MuiButton-root.MuiButton-contained.btnLogin.MuiButton-containedSecondary"}
RESULT: {"using":"css selector","value":".MuiButtonBase-root.MuiButton-root.MuiButton-contained.btnLogin.MuiButton-containedSecondary"}
COMMAND: POST /session/a37d2b85f479f49e617922e207653002/element/7ee22862-13f4-4451-bf44-c2e10faf7d16/click - {}
RESULT: {}
COMMAND: DELETE /session/a37d2b85f479f49e617922e207653002 - {}
RESULT: {}
]]></system-out>
    </testcase>
  </testsuite>
</testsuites>